<?xml version="1.0" encoding="UTF-8"?>
<!-- Generated by org.testng.reporters.JUnitReportReporter -->
<testsuite hostname="DESKTOP-SA80G0F" failures="0" tests="1" name="Testcaseforgradings.ShadeTc" time="14.739" errors="0" timestamp="2023-02-23T19:01:08 IST" skipped="0">
  <testcase classname="Testcaseforgradings.ShadeTc" name="navigateandcreate" time="14.739"/>
  <system-out/>
</testsuite> <!-- Testcaseforgradings.ShadeTc -->
