<?xml version="1.0" encoding="UTF-8"?>
<!-- Generated by org.testng.reporters.JUnitReportReporter -->
<testsuite hostname="DESKTOP-SA80G0F" failures="0" tests="1" name="Testcaseforgradings.CrownWhite" time="14.521" errors="0" timestamp="2023-02-23T11:42:23 IST" skipped="0">
  <testcase classname="Testcaseforgradings.CrownWhite" name="navigateandcreate" time="14.521"/>
  <system-out/>
</testsuite> <!-- Testcaseforgradings.CrownWhite -->
