<?xml version="1.0" encoding="UTF-8"?>
<!-- Generated by org.testng.reporters.JUnitReportReporter -->
<testsuite hostname="DESKTOP-SA80G0F" failures="0" tests="1" name="Testcaseforemployee.DesignationTC" time="16.738" errors="0" timestamp="2023-02-15T16:18:00 IST" skipped="0">
  <testcase classname="Testcaseforemployee.DesignationTC" name="navigate" time="16.738"/>
  <system-out/>
</testsuite> <!-- Testcaseforemployee.DesignationTC -->
