<?xml version="1.0" encoding="UTF-8"?>
<!-- Generated by org.testng.reporters.JUnitReportReporter -->
<testsuite hostname="DESKTOP-SA80G0F" failures="0" tests="1" name="Testcaseforgradings.CrownopenTc" time="15.957" errors="0" timestamp="2023-02-23T12:34:40 IST" skipped="0">
  <testcase classname="Testcaseforgradings.CrownopenTc" name="navigateandcreate" time="15.957"/>
  <system-out/>
</testsuite> <!-- Testcaseforgradings.CrownopenTc -->
