<?xml version="1.0" encoding="UTF-8"?>
<!-- Generated by org.testng.reporters.JUnitReportReporter -->
<testsuite hostname="DESKTOP-SA80G0F" failures="0" tests="1" name="Testcaseforemployee.QualificationTC" time="10.266" errors="0" timestamp="2023-02-20T14:44:19 IST" skipped="0">
  <testcase classname="Testcaseforemployee.QualificationTC" name="NavigateandcreateQualification" time="10.266"/>
  <system-out/>
</testsuite> <!-- Testcaseforemployee.QualificationTC -->
