<?xml version="1.0" encoding="UTF-8"?>
<!-- Generated by org.testng.reporters.JUnitReportReporter -->
<testsuite hostname="DESKTOP-SA80G0F" failures="0" tests="1" name="Testcaseforgradings.GirdleopenTc" time="14.109" errors="0" timestamp="2023-02-23T12:57:37 IST" skipped="0">
  <testcase classname="Testcaseforgradings.GirdleopenTc" name="navigateandcreate" time="14.109"/>
  <system-out/>
</testsuite> <!-- Testcaseforgradings.GirdleopenTc -->
