<?xml version="1.0" encoding="UTF-8"?>
<!-- Generated by org.testng.reporters.JUnitReportReporter -->
<testsuite hostname="DESKTOP-SA80G0F" failures="0" tests="1" name="Testcaseforemployee.Navigatetodesignation" time="16.483" errors="0" timestamp="2023-02-15T16:11:55 IST" skipped="0">
  <testcase classname="Testcaseforemployee.Navigatetodesignation" name="navigate" time="16.483"/>
  <system-out/>
</testsuite> <!-- Testcaseforemployee.Navigatetodesignation -->
