<?xml version="1.0" encoding="UTF-8"?>
<!-- Generated by org.testng.reporters.JUnitReportReporter -->
<testsuite hostname="DESKTOP-SA80G0F" failures="0" tests="1" name="Testcaseforgradings.CrownblackTc" time="14.702" errors="0" timestamp="2023-02-23T11:55:48 IST" skipped="0">
  <testcase classname="Testcaseforgradings.CrownblackTc" name="navigateandcreate" time="14.702"/>
  <system-out/>
</testsuite> <!-- Testcaseforgradings.CrownblackTc -->
