<?xml version="1.0" encoding="UTF-8"?>
<!-- Generated by org.testng.reporters.JUnitReportReporter -->
<testsuite hostname="DESKTOP-SA80G0F" failures="0" tests="1" name="Testcaseforgradings.TableBlackTc" time="14.035" errors="0" timestamp="2023-02-23T11:54:04 IST" skipped="0">
  <testcase classname="Testcaseforgradings.TableBlackTc" name="navigateandcreate" time="14.035"/>
  <system-out/>
</testsuite> <!-- Testcaseforgradings.TableBlackTc -->
