<?xml version="1.0" encoding="UTF-8"?>
<!-- Generated by org.testng.reporters.JUnitReportReporter -->
<testsuite hostname="DESKTOP-SA80G0F" failures="0" tests="1" name="Testcases.Logintestcase" time="6.584" errors="0" timestamp="2023-02-14T17:53:17 IST" skipped="0">
  <testcase classname="Testcases.Logintestcase" name="login" time="6.584"/>
  <system-out/>
</testsuite> <!-- Testcases.Logintestcase -->
