<?xml version="1.0" encoding="UTF-8"?>
<!-- Generated by org.testng.reporters.JUnitReportReporter -->
<testsuite hostname="DESKTOP-SA80G0F" failures="0" tests="1" name="Testcaseforgradings.TableOpenTc" time="14.330" errors="0" timestamp="2023-02-23T12:34:00 IST" skipped="0">
  <testcase classname="Testcaseforgradings.TableOpenTc" name="navigateandcreate" time="14.330"/>
  <system-out/>
</testsuite> <!-- Testcaseforgradings.TableOpenTc -->
