<?xml version="1.0" encoding="UTF-8"?>
<!-- Generated by org.testng.reporters.JUnitReportReporter -->
<testsuite hostname="DESKTOP-SA80G0F" failures="0" tests="1" name="Testcaseforgradings.TableWhiteTc" time="17.742" errors="0" timestamp="2023-02-23T11:16:02 IST" skipped="0">
  <testcase classname="Testcaseforgradings.TableWhiteTc" name="navigateandcreate" time="17.742"/>
  <system-out/>
</testsuite> <!-- Testcaseforgradings.TableWhiteTc -->
