<?xml version="1.0" encoding="UTF-8"?>
<!-- Generated by org.testng.reporters.JUnitReportReporter -->
<testsuite hostname="DESKTOP-SA80G0F" failures="0" tests="1" name="Testcaseforgradings.PavillionopenTc" time="15.601" errors="0" timestamp="2023-02-23T12:41:22 IST" skipped="0">
  <testcase classname="Testcaseforgradings.PavillionopenTc" name="navigateandcreate" time="15.601"/>
  <system-out/>
</testsuite> <!-- Testcaseforgradings.PavillionopenTc -->
